<?xml version="1.0" encoding="UTF-8"?>
<testng-results ignored="0" total="3" passed="3" failed="0" skipped="0">
  <reporter-output>
  </reporter-output>
  <suite started-at="2024-06-24T11:51:55 IST" name="Suite" finished-at="2024-06-24T11:53:43 IST" duration-ms="107390">
    <groups>
    </groups>
    <test started-at="2024-06-24T11:51:55 IST" name="ChromeTest" finished-at="2024-06-24T11:52:39 IST" duration-ms="43523">
      <class name="seleniumGrid.ParallelTest">
        <test-method signature="testGrid(java.lang.String)[pri:0, instance:seleniumGrid.ParallelTest@18ce0030]" started-at="2024-06-24T11:51:55 IST" name="testGrid" finished-at="2024-06-24T11:52:38 IST" duration-ms="43121" status="PASS">
          <params>
            <param index="0">
              <value>
                <![CDATA[chrome]]>
              </value>
            </param>
          </params>
          <reporter-output>
          </reporter-output>
        </test-method> <!-- testGrid -->
      </class> <!-- seleniumGrid.ParallelTest -->
    </test> <!-- ChromeTest -->
    <test started-at="2024-06-24T11:51:55 IST" name="EdgeTest" finished-at="2024-06-24T11:53:24 IST" duration-ms="88626">
      <class name="seleniumGrid.ParallelTest">
        <test-method signature="testGrid(java.lang.String)[pri:0, instance:seleniumGrid.ParallelTest@5be6e01c]" started-at="2024-06-24T11:51:55 IST" name="testGrid" finished-at="2024-06-24T11:53:24 IST" duration-ms="88533" status="PASS">
          <params>
            <param index="0">
              <value>
                <![CDATA[edge]]>
              </value>
            </param>
          </params>
          <reporter-output>
          </reporter-output>
        </test-method> <!-- testGrid -->
      </class> <!-- seleniumGrid.ParallelTest -->
    </test> <!-- EdgeTest -->
    <test started-at="2024-06-24T11:51:55 IST" name="FirfoxTest" finished-at="2024-06-24T11:53:43 IST" duration-ms="107390">
      <class name="seleniumGrid.ParallelTest">
        <test-method signature="testGrid(java.lang.String)[pri:0, instance:seleniumGrid.ParallelTest@ef9296d]" started-at="2024-06-24T11:51:55 IST" name="testGrid" finished-at="2024-06-24T11:53:43 IST" duration-ms="107299" status="PASS">
          <params>
            <param index="0">
              <value>
                <![CDATA[firefox]]>
              </value>
            </param>
          </params>
          <reporter-output>
          </reporter-output>
        </test-method> <!-- testGrid -->
      </class> <!-- seleniumGrid.ParallelTest -->
    </test> <!-- FirfoxTest -->
  </suite> <!-- Suite -->
</testng-results>
