<?xml version="1.0" encoding="UTF-8"?>
<testng-results ignored="0" total="3" passed="3" failed="0" skipped="0">
  <reporter-output>
  </reporter-output>
  <suite started-at="2024-06-23T11:39:28 IST" name="Suite" finished-at="2024-06-23T11:40:56 IST" duration-ms="88089">
    <groups>
    </groups>
    <test started-at="2024-06-23T11:39:28 IST" name="ChromeTest" finished-at="2024-06-23T11:40:34 IST" duration-ms="66172">
      <class name="seleniumGrid.ParallelTest">
        <test-method signature="testGrid(java.lang.String)[pri:0, instance:seleniumGrid.ParallelTest@957e06]" started-at="2024-06-23T11:39:28 IST" name="testGrid" finished-at="2024-06-23T11:40:34 IST" duration-ms="65987" status="PASS">
          <params>
            <param index="0">
              <value>
                <![CDATA[chrome]]>
              </value>
            </param>
          </params>
          <reporter-output>
          </reporter-output>
        </test-method> <!-- testGrid -->
      </class> <!-- seleniumGrid.ParallelTest -->
    </test> <!-- ChromeTest -->
    <test started-at="2024-06-23T11:39:28 IST" name="EdgeTest" finished-at="2024-06-23T11:40:40 IST" duration-ms="72287">
      <class name="seleniumGrid.ParallelTest">
        <test-method signature="testGrid(java.lang.String)[pri:0, instance:seleniumGrid.ParallelTest@63376bed]" started-at="2024-06-23T11:39:28 IST" name="testGrid" finished-at="2024-06-23T11:40:40 IST" duration-ms="72206" status="PASS">
          <params>
            <param index="0">
              <value>
                <![CDATA[edge]]>
              </value>
            </param>
          </params>
          <reporter-output>
          </reporter-output>
        </test-method> <!-- testGrid -->
      </class> <!-- seleniumGrid.ParallelTest -->
    </test> <!-- EdgeTest -->
    <test started-at="2024-06-23T11:39:28 IST" name="FirfoxTest" finished-at="2024-06-23T11:40:56 IST" duration-ms="88089">
      <class name="seleniumGrid.ParallelTest">
        <test-method signature="testGrid(java.lang.String)[pri:0, instance:seleniumGrid.ParallelTest@71ba6d4e]" started-at="2024-06-23T11:39:28 IST" name="testGrid" finished-at="2024-06-23T11:40:56 IST" duration-ms="88018" status="PASS">
          <params>
            <param index="0">
              <value>
                <![CDATA[firefox]]>
              </value>
            </param>
          </params>
          <reporter-output>
          </reporter-output>
        </test-method> <!-- testGrid -->
      </class> <!-- seleniumGrid.ParallelTest -->
    </test> <!-- FirfoxTest -->
  </suite> <!-- Suite -->
</testng-results>
